<?xml version="1.0" encoding="UTF-8"?>
<!-- Generated by org.testng.reporters.JUnitReportReporter -->
<testsuite hostname="NODE196" name="com.spring.javabrains.TestBaseClass" tests="1" failures="0" timestamp="10 Jul 2015 09:23:37 GMT" time="0.010" errors="0">
  <testcase name="testgetEnvDetails" time="0.010" classname="com.spring.javabrains.TestBaseClass"/>
</testsuite> <!-- com.spring.javabrains.TestBaseClass -->
